app/build/intermediates/manifest_merge_blame_file/debug/manifest-merger-blame-debug-report.txt
1<?xml version="1.0" encoding="utf-8"?>
2<manifest xmlns:android="http://schemas.android.com/apk/res/android"
3    package="com.ailyan.tvReplay"
4    android:versionCode="1"
5    android:versionName="1.0" >
6
7    <uses-sdk
8        android:minSdkVersion="21"
8-->src\main\AndroidManifest.xml
9        android:targetSdkVersion="31" />
9-->src\main\AndroidManifest.xml
10
11    <uses-permission android:name="android.permission.INTERNET" />
11-->src\main\AndroidManifest.xml:3:5-66
11-->src\main\AndroidManifest.xml:3:22-64
12
13    <queries>
13-->[androidx.media:media:1.3.1] AndroidManifest.xml:24:5-28:15
14        <intent>
14-->[androidx.media:media:1.3.1] AndroidManifest.xml:25:9-27:18
15            <action android:name="android.media.browse.MediaBrowserService" />
15-->[androidx.media:media:1.3.1] AndroidManifest.xml:26:13-79
15-->[androidx.media:media:1.3.1] AndroidManifest.xml:26:21-76
16        </intent>
17    </queries>
18
19    <uses-permission android:name="android.permission.ACCESS_NETWORK_STATE" />
19-->[com.google.android.exoplayer:exoplayer-core:2.15.1] AndroidManifest.xml:24:5-79
19-->[com.google.android.exoplayer:exoplayer-core:2.15.1] AndroidManifest.xml:24:22-76
20
21    <application
21-->src\main\AndroidManifest.xml:5:9-29:19
22        android:name="com.ailyan.tvReplay.utils.Helper"
22-->src\main\AndroidManifest.xml:6:9-56
23        android:allowBackup="true"
23-->src\main\AndroidManifest.xml:7:9-35
24        android:appComponentFactory="androidx.core.app.CoreComponentFactory"
24-->[androidx.core:core:1.7.0] AndroidManifest.xml:24:18-86
25        android:debuggable="true"
26        android:icon="@mipmap/ic_launcher"
26-->src\main\AndroidManifest.xml:8:9-43
27        android:label="@string/app_name"
27-->src\main\AndroidManifest.xml:9:9-41
28        android:roundIcon="@mipmap/ic_launcher_round"
28-->src\main\AndroidManifest.xml:10:9-54
29        android:supportsRtl="true"
29-->src\main\AndroidManifest.xml:11:9-35
30        android:testOnly="true"
31        android:theme="@style/Theme.LiveFlix"
31-->src\main\AndroidManifest.xml:13:9-46
32        android:usesCleartextTraffic="true" >
32-->src\main\AndroidManifest.xml:12:9-44
33        <activity
33-->src\main\AndroidManifest.xml:15:9-23:20
34            android:name="com.ailyan.tvReplay.ui.MainActivity"
34-->src\main\AndroidManifest.xml:16:13-63
35            android:exported="true" >
35-->src\main\AndroidManifest.xml:17:13-36
36            <intent-filter>
36-->src\main\AndroidManifest.xml:18:13-22:29
37                <action android:name="android.intent.action.MAIN" />
37-->src\main\AndroidManifest.xml:19:17-69
37-->src\main\AndroidManifest.xml:19:25-66
38
39                <category android:name="android.intent.category.LAUNCHER" />
39-->src\main\AndroidManifest.xml:21:17-77
39-->src\main\AndroidManifest.xml:21:27-74
40            </intent-filter>
41        </activity>
42        <activity
42-->src\main\AndroidManifest.xml:25:9-28:83
43            android:name="com.ailyan.tvReplay.ui.PlayerActivity"
43-->src\main\AndroidManifest.xml:26:13-65
44            android:configChanges="orientation|screenSize|layoutDirection"
44-->src\main\AndroidManifest.xml:27:13-75
45            android:theme="@style/Theme.MaterialComponents.DayNight.NoActionBar" />
45-->src\main\AndroidManifest.xml:28:13-81
46
47        <meta-data
47-->[com.google.android.gms:play-services-basement:16.0.1] AndroidManifest.xml:23:9-25:69
48            android:name="com.google.android.gms.version"
48-->[com.google.android.gms:play-services-basement:16.0.1] AndroidManifest.xml:24:13-58
49            android:value="@integer/google_play_services_version" />
49-->[com.google.android.gms:play-services-basement:16.0.1] AndroidManifest.xml:25:13-66
50
51        <provider
51-->[androidx.emoji2:emoji2:1.0.0] AndroidManifest.xml:26:9-34:20
52            android:name="androidx.startup.InitializationProvider"
52-->[androidx.emoji2:emoji2:1.0.0] AndroidManifest.xml:27:13-67
53            android:authorities="com.ailyan.tvReplay.androidx-startup"
53-->[androidx.emoji2:emoji2:1.0.0] AndroidManifest.xml:28:13-68
54            android:exported="false" >
54-->[androidx.emoji2:emoji2:1.0.0] AndroidManifest.xml:29:13-37
55            <meta-data
55-->[androidx.emoji2:emoji2:1.0.0] AndroidManifest.xml:31:13-33:52
56                android:name="androidx.emoji2.text.EmojiCompatInitializer"
56-->[androidx.emoji2:emoji2:1.0.0] AndroidManifest.xml:32:17-75
57                android:value="androidx.startup" />
57-->[androidx.emoji2:emoji2:1.0.0] AndroidManifest.xml:33:17-49
58            <meta-data
58-->[androidx.lifecycle:lifecycle-process:2.4.0] AndroidManifest.xml:31:13-33:52
59                android:name="androidx.lifecycle.ProcessLifecycleInitializer"
59-->[androidx.lifecycle:lifecycle-process:2.4.0] AndroidManifest.xml:32:17-78
60                android:value="androidx.startup" />
60-->[androidx.lifecycle:lifecycle-process:2.4.0] AndroidManifest.xml:33:17-49
61        </provider>
62    </application>
63
64</manifest>